#
# A fatal error has been detected by the Java Runtime Environment:
#
#  EXCEPTION_ACCESS_VIOLATION (0xc0000005) at pc=0x6e055c40, pid=27220, tid=20316
#
# JRE version: Java(TM) SE Runtime Environment (7.0_45-b18) (build 1.7.0_45-b18)
# Java VM: Java HotSpot(TM) Client VM (24.45-b08 mixed mode windows-x86 )
# Problematic frame:
# V  [jvm.dll+0x35c40]
#
# Failed to write core dump. Minidumps are not enabled by default on client versions of Windows
#
# If you would like to submit a bug report, please visit:
#   http://bugreport.sun.com/bugreport/crash.jsp
#

---------------  T H R E A D  ---------------

Current thread (0x18654400):  JavaThread "JDWP Transport Listener: dt_socket" daemon [_thread_in_vm, id=20316, stack(0x19430000,0x19480000)]

siginfo: ExceptionCode=0xc0000005, reading address 0x00000008

Registers:
EAX=0x045bc630, EBX=0x18654400, ECX=0x00000000, EDX=0x00000000
ESP=0x1947f724, EBP=0x1947f728, ESI=0x00000000, EDI=0x6d31e15c
EIP=0x6e055c40, EFLAGS=0x00010246

Top of Stack: (sp=0x1947f724)
0x1947f724:   18654530 1947f750 6e0e1206 045bc630
0x1947f734:   6d31e15c 18654530 6d31e174 18654400
0x1947f744:   00000000 18654530 1947f814 6d31e99c
0x1947f754:   6d3063b2 18654530 045bc630 00000000
0x1947f764:   1947f788 1947f814 186a0440 1947f7c4
0x1947f774:   186442f0 1947f794 6d30bd27 1947f794
0x1947f784:   1947f7c8 6d31e890 55475004 6d322c68
0x1947f794:   186ad458 0000000b 19470000 00000013 

Instructions: (pc=0x6e055c40)
0x6e055c20:   8b 0d 18 1a 35 6e 85 c9 7e 05 8b 0c 01 eb 02 33
0x6e055c30:   c9 8b 15 1c 1a 35 6e 85 d2 7e 05 8b 04 02 eb 03
0x6e055c40:   8b 46 08 85 c0 75 0f 33 c9 50 51 e8 90 67 15 00
0x6e055c50:   83 c4 08 5e 5d c3 8d 4c 4e 0c 50 51 e8 7f 67 15 


Register to memory mapping:

EAX=
[error occurred during error reporting (printing register info), id 0xc0000005]

Stack: [0x19430000,0x19480000],  sp=0x1947f724,  free space=317k
Native frames: (J=compiled Java code, j=interpreted, Vv=VM code, C=native code)
V  [jvm.dll+0x35c40]
V  [jvm.dll+0xc1206]


---------------  P R O C E S S  ---------------

Java Threads: ( => current thread )
  0x186a6400 JavaThread "Thread-1" [_thread_blocked, id=25864, stack(0x19b80000,0x19bd0000)]
  0x186a4800 JavaThread "Thread-0" [_thread_blocked, id=27408, stack(0x19a70000,0x19ac0000)]
  0x18671000 JavaThread "Service Thread" daemon [_thread_blocked, id=24084, stack(0x19790000,0x197e0000)]
  0x1866e800 JavaThread "C1 CompilerThread0" daemon [_thread_blocked, id=21784, stack(0x19620000,0x19670000)]
  0x18659800 JavaThread "JDWP Command Reader" daemon [_thread_in_native, id=25768, stack(0x193d0000,0x19420000)]
  0x18656400 JavaThread "JDWP Event Helper Thread" daemon [_thread_blocked, id=26652, stack(0x19570000,0x195c0000)]
=>0x18654400 JavaThread "JDWP Transport Listener: dt_socket" daemon [_thread_in_vm, id=20316, stack(0x19430000,0x19480000)]
  0x18648800 JavaThread "Attach Listener" daemon [_thread_blocked, id=24220, stack(0x18c90000,0x18ce0000)]
  0x18645400 JavaThread "Signal Dispatcher" daemon [_thread_blocked, id=27252, stack(0x18800000,0x18850000)]
  0x18617c00 JavaThread "Finalizer" daemon [_thread_blocked, id=26504, stack(0x18be0000,0x18c30000)]
  0x18611c00 JavaThread "Reference Handler" daemon [_thread_blocked, id=26180, stack(0x189f0000,0x18a40000)]
  0x00acc000 JavaThread "main" [_thread_blocked, id=24928, stack(0x00610000,0x00660000)]

Other Threads:
  0x18610800 VMThread [stack: 0x18890000,0x188e0000] [id=25260]
  0x18679c00 WatcherThread [stack: 0x197f0000,0x19840000] [id=7416]

VM state:not at safepoint (normal execution)

VM Mutex/Monitor currently owned by a thread: None

Heap
 def new generation   total 4928K, used 457K [0x04550000, 0x04aa0000, 0x09aa0000)
  eden space 4416K,  10% used [0x04550000, 0x045c2768, 0x049a0000)
  from space 512K,   0% used [0x049a0000, 0x049a0000, 0x04a20000)
  to   space 512K,   0% used [0x04a20000, 0x04a20000, 0x04aa0000)
 tenured generation   total 10944K, used 0K [0x09aa0000, 0x0a550000, 0x14550000)
   the space 10944K,   0% used [0x09aa0000, 0x09aa0000, 0x09aa0200, 0x0a550000)
 compacting perm gen  total 12288K, used 1585K [0x14550000, 0x15150000, 0x18550000)
   the space 12288K,  12% used [0x14550000, 0x146dc718, 0x146dc800, 0x15150000)
No shared spaces configured.

Card table byte_map: [0x18550000,0x18600000] byte_map_base: 0x1852d580

Polling page: 0x005f0000

Code Cache  [0x02550000, 0x025e8000, 0x04550000)
 total_blobs=128 nmethods=8 adapters=66 free_code_cache=32186Kb largest_free_block=32958464

Compilation events (10 events):
Event: 0.405 Thread 0x1866e800    4             java.lang.String::lastIndexOf (52 bytes)
Event: 0.405 Thread 0x1866e800 nmethod 4 0x025e0548 code [0x025e0650, 0x025e076c]
Event: 0.405 Thread 0x1866e800    5             java.lang.String::indexOf (166 bytes)
Event: 0.405 Thread 0x1866e800 nmethod 5 0x025e0848 code [0x025e0960, 0x025e0b90]
Event: 0.405 Thread 0x1866e800    6             java.lang.String::equals (81 bytes)
Event: 0.405 Thread 0x1866e800 nmethod 6 0x025e0ec8 code [0x025e0fe0, 0x025e1180]
Event: 0.417 Thread 0x1866e800    7             java.lang.AbstractStringBuilder::ensureCapacityInternal (16 bytes)
Event: 0.417 Thread 0x1866e800 nmethod 7 0x025e13c8 code [0x025e14d0, 0x025e158c]
Event: 0.422 Thread 0x1866e800    8             java.lang.Object::<init> (1 bytes)
Event: 0.423 Thread 0x1866e800 nmethod 8 0x025e1608 code [0x025e1700, 0x025e1790]

GC Heap History (0 events):
No events

Deoptimization events (0 events):
No events

Internal exceptions (4 events):
Event: 0.070 Thread 0x00acc000 Threw 0x0455ad00 at C:\re\jdk7u45\229\hotspot\src\share\vm\prims\jni.cpp:3991
Event: 0.404 Thread 0x00acc000 Threw 0x045b4958 at C:\re\jdk7u45\229\hotspot\src\share\vm\prims\jvm.cpp:1244
Event: 0.422 Thread 0x00acc000 Threw 0x045b9a18 at C:\re\jdk7u45\229\hotspot\src\share\vm\prims\jvm.cpp:1244
Event: 0.432 Thread 0x00acc000 Threw 0x045bb0c8 at C:\re\jdk7u45\229\hotspot\src\share\vm\prims\jvm.cpp:1244

Events (10 events):
Event: 89.094 Executing VM operation: GetCurrentLocation
Event: 89.094 Executing VM operation: GetCurrentLocation done
Event: 89.094 Executing VM operation: ChangeSingleStep
Event: 89.094 Executing VM operation: ChangeSingleStep done
Event: 89.096 Executing VM operation: ChangeSingleStep
Event: 89.096 Executing VM operation: ChangeSingleStep done
Event: 89.122 Executing VM operation: GetOrSetLocal
Event: 89.122 Executing VM operation: GetOrSetLocal done
Event: 89.304 Executing VM operation: GetOrSetLocal
Event: 89.304 Executing VM operation: GetOrSetLocal done


Dynamic libraries:
0x00d30000 - 0x00d5f000 	C:\Program Files (x86)\Java\jdk1.7.0_45\bin\javaw.exe
0x77d40000 - 0x77ec0000 	C:\WINDOWS\SysWOW64\ntdll.dll
0x772a0000 - 0x773b0000 	C:\WINDOWS\syswow64\kernel32.dll
0x77600000 - 0x77647000 	C:\WINDOWS\syswow64\KERNELBASE.dll
0x73c60000 - 0x73cce000 	C:\WINDOWS\SysWOW64\SYSFER.DLL
0x77500000 - 0x775a1000 	C:\WINDOWS\syswow64\ADVAPI32.dll
0x76180000 - 0x7622c000 	C:\WINDOWS\syswow64\msvcrt.dll
0x77280000 - 0x77299000 	C:\WINDOWS\SysWOW64\sechost.dll
0x773b0000 - 0x774a0000 	C:\WINDOWS\syswow64\RPCRT4.dll
0x75630000 - 0x75690000 	C:\WINDOWS\syswow64\SspiCli.dll
0x75620000 - 0x7562c000 	C:\WINDOWS\syswow64\CRYPTBASE.dll
0x757b0000 - 0x758b0000 	C:\WINDOWS\syswow64\USER32.dll
0x75720000 - 0x757b0000 	C:\WINDOWS\syswow64\GDI32.dll
0x76110000 - 0x7611a000 	C:\WINDOWS\syswow64\LPK.dll
0x77720000 - 0x777bd000 	C:\WINDOWS\syswow64\USP10.dll
0x6fd90000 - 0x6ff2e000 	C:\WINDOWS\WinSxS\x86_microsoft.windows.common-controls_6595b64144ccf1df_6.0.7601.18837_none_41e855142bd5705d\COMCTL32.dll
0x76120000 - 0x76177000 	C:\WINDOWS\syswow64\SHLWAPI.dll
0x75cc0000 - 0x75d20000 	C:\WINDOWS\system32\IMM32.DLL
0x758c0000 - 0x7598c000 	C:\WINDOWS\syswow64\MSCTF.dll
0x68000000 - 0x68038000 	C:\WINDOWS\system32\QIPCAP.DLL
0x78280000 - 0x7833f000 	C:\Program Files (x86)\Java\jdk1.7.0_45\jre\bin\msvcr100.dll
0x6e020000 - 0x6e3a0000 	C:\Program Files (x86)\Java\jdk1.7.0_45\jre\bin\client\jvm.dll
0x73b70000 - 0x73b77000 	C:\WINDOWS\system32\WSOCK32.dll
0x775b0000 - 0x775e5000 	C:\WINDOWS\syswow64\WS2_32.dll
0x77710000 - 0x77716000 	C:\WINDOWS\syswow64\NSI.dll
0x735b0000 - 0x735e2000 	C:\WINDOWS\system32\WINMM.dll
0x760d0000 - 0x760d5000 	C:\WINDOWS\syswow64\PSAPI.DLL
0x55540000 - 0x5554c000 	C:\Program Files (x86)\Java\jdk1.7.0_45\jre\bin\verify.dll
0x6ca30000 - 0x6ca50000 	C:\Program Files (x86)\Java\jdk1.7.0_45\jre\bin\java.dll
0x6d300000 - 0x6d32a000 	C:\Program Files (x86)\Java\jdk1.7.0_45\jre\bin\jdwp.dll
0x72740000 - 0x72747000 	C:\Program Files (x86)\Java\jdk1.7.0_45\jre\bin\npt.dll
0x6d950000 - 0x6d963000 	C:\Program Files (x86)\Java\jdk1.7.0_45\jre\bin\zip.dll
0x55470000 - 0x55478000 	C:\Program Files (x86)\Java\jdk1.7.0_45\jre\bin\dt_socket.dll
0x73b60000 - 0x73b70000 	C:\WINDOWS\system32\NLAapi.dll
0x73b50000 - 0x73b60000 	C:\WINDOWS\system32\napinsp.dll
0x73af0000 - 0x73b02000 	C:\WINDOWS\system32\pnrpnsp.dll
0x73ab0000 - 0x73aec000 	C:\WINDOWS\System32\mswsock.dll
0x73a50000 - 0x73a94000 	C:\WINDOWS\system32\DNSAPI.dll
0x73b40000 - 0x73b48000 	C:\WINDOWS\System32\winrnr.dll
0x73a30000 - 0x73a4c000 	C:\WINDOWS\system32\IPHLPAPI.DLL
0x73aa0000 - 0x73aa7000 	C:\WINDOWS\system32\WINNSI.DLL
0x738f0000 - 0x73928000 	C:\WINDOWS\System32\fwpuclnt.dll
0x738d0000 - 0x738d6000 	C:\WINDOWS\system32\rasadhlp.dll
0x735a0000 - 0x735a5000 	C:\WINDOWS\System32\wshtcpip.dll
0x70fa0000 - 0x7108b000 	C:\WINDOWS\system32\dbghelp.dll

VM Arguments:
jvm_args: -agentlib:jdwp=transport=dt_socket,suspend=y,address=localhost:60211 -Dfile.encoding=Cp1252 
java_command: com.journaldev.threads.CounterWithSync
Launcher Type: SUN_STANDARD

Environment Variables:
JAVA_HOME=C:\Program Files (x86)\Java\jdk1.7.0_45
PATH=C:\Program Files (x86)\Java\jdk1.7.0_45\jre\bin;C:\ProgramData\Oracle\Java\javapath;C:\WINDOWS\system32;C:\WINDOWS;C:\WINDOWS\System32\Wbem;C:\WINDOWS\System32\WindowsPowerShell\v1.0\;C:\Windows\CCM;C:\Windows\CCM;C:\Ruby22\bin;D:\apache-ant-1.9.4;D:\apache-ant-1.9.4\bin;C:\Program Files\TortoiseSVN\binC:\Program Files (x86)\Java\jdk1.7.0_45\bin;C:\Program Files\IDM Computer Solutions\UltraCompare;C:\Program Files (x86)\OpenLDAP\kfw\Binary;C:\Program Files (x86)\Java\jdk1.7.0_45\bin
USERNAME=51542294
OS=Windows_NT
PROCESSOR_IDENTIFIER=Intel64 Family 6 Model 60 Stepping 3, GenuineIntel



---------------  S Y S T E M  ---------------

OS: Windows 7 , 64 bit Build 7601 Service Pack 1

CPU:total 4 (4 cores per cpu, 1 threads per core) family 6 model 60 stepping 3, cmov, cx8, fxsr, mmx, sse, sse2, sse3, ssse3, sse4.1, sse4.2, popcnt, avx, avx2, aes, erms, tsc, tscinvbit

Memory: 4k page, physical 16693788k(9032212k free), swap 33385716k(24862308k free)

vm_info: Java HotSpot(TM) Client VM (24.45-b08) for windows-x86 JRE (1.7.0_45-b18), built on Oct  8 2013 06:02:43 by "java_re" with unknown MS VC++:1600

time: Mon Oct 03 18:07:38 2016
elapsed time: 89 seconds

